#
# A fatal error has been detected by the Java Runtime Environment:
#
#  EXCEPTION_ACCESS_VIOLATION (0xc0000005) at pc=0x000007fef7462b60, pid=5012, tid=2360
#
# JRE version: 7.0_13-b20
# Java VM: Java HotSpot(TM) 64-Bit Server VM (23.7-b01 mixed mode windows-amd64 compressed oops)
# Problematic frame:
# C  [wiiuse.dll+0x2b60]  wiiuse_poll+0x70
#
# Failed to write core dump. Minidumps are not enabled by default on client versions of Windows
#
# If you would like to submit a bug report, please visit:
#   http://bugreport.sun.com/bugreport/crash.jsp
# The crash happened outside the Java Virtual Machine in native code.
# See problematic frame for where to report the bug.
#

---------------  T H R E A D  ---------------

Current thread (0x000000000b9ad800):  JavaThread "Thread-0" [_thread_in_native, id=2360, stack(0x000000000ccc0000,0x000000000cdc0000)]

siginfo: ExceptionCode=0xc0000005, reading address 0x0000000001e901ef

Registers:
RAX=0x0000000000000000, RBX=0x000000000b990bf0, RCX=0x000000ffffffffff, RDX=0x000000000b997410
RSP=0x000000000cdbf080, RBP=0x0000000000000000, RSI=0x0000000000000000, RDI=0x0000000000000003
R8 =0x0000002e0254005a, R9 =0x0000002f0197005b, R10=0x00000000c0000008, R11=0x0000000001e8ffff
R12=0x000000000b9ad9d8, R13=0x000000077bca8ec0, R14=0x000000000cdbf308, R15=0x000000000b9ad800
RIP=0x000007fef7462b60, EFLAGS=0x0000000000010202

Top of Stack: (sp=0x000000000cdbf080)
0x000000000cdbf080:   000000000b990bf0 0000000000000000
0x000000000cdbf090:   0000000000000000 0000000000000000
0x000000000cdbf0a0:   000000000b8e6120 000007fef7b11648
0x000000000cdbf0b0:   0000000000000000 000000077bca8ec0
0x000000000cdbf0c0:   0000000000000000 00000007d5a33908
0x000000000cdbf0d0:   000000000b964c58 000000006f0b2101
0x000000000cdbf0e0:   000000000b9ad800 000000000b9ad800
0x000000000cdbf0f0:   000000000b964c60 0000000000000000
0x000000000cdbf100:   000000000b964c50 000000006f082e8e
0x000000000cdbf110:   000000000b964c58 000000000b964c30
0x000000000cdbf120:   0000271fdd774fd5 000000006f0600ff
0x000000000cdbf130:   000000077bcb2380 000000006f0e836f
0x000000000cdbf140:   000000000231ac01 000000077bcb0101
0x000000000cdbf150:   000000000b9ad800 000000006f079c90
0x000000000cdbf160:   000000006f504f78 000000000231ac00
0x000000000cdbf170:   000000000b9ad800 0000000000000000 

Instructions: (pc=0x000007fef7462b60)
0x000007fef7462b40:   00 48 8b 0b 85 c0 74 44 0f b6 91 f4 01 00 00 4c
0x000007fef7462b50:   8d 81 f5 01 00 00 e8 65 fc ff ff 4c 8b 1b 8b c5
0x000007fef7462b60:   41 39 83 f0 01 00 00 0f 95 c0 03 f0 33 c0 49 89
0x000007fef7462b70:   83 f4 01 00 00 49 89 83 fc 01 00 00 49 89 83 04 


Register to memory mapping:

RAX=0x0000000000000000 is an unknown value
RBX=0x000000000b990bf0 is an unknown value
RCX=0x000000ffffffffff is an unknown value
RDX=0x000000000b997410 is an unknown value
RSP=0x000000000cdbf080 is pointing into the stack for thread: 0x000000000b9ad800
RBP=0x0000000000000000 is an unknown value
RSI=0x0000000000000000 is an unknown value
RDI=0x0000000000000003 is an unknown value
R8 =0x0000002e0254005a is an unknown value
R9 =0x0000002f0197005b is an unknown value
R10=0x00000000c0000008 is an unknown value
R11=0x0000000001e8ffff is an unknown value
R12=0x000000000b9ad9d8 is an unknown value
R13=0x000000077bca8ec0 is an oop
{method} 
 - klass: {other class}
R14=0x000000000cdbf308 is pointing into the stack for thread: 0x000000000b9ad800
R15=0x000000000b9ad800 is a thread


Stack: [0x000000000ccc0000,0x000000000cdc0000],  sp=0x000000000cdbf080,  free space=1020k
Native frames: (J=compiled Java code, j=interpreted, Vv=VM code, C=native code)
C  [wiiuse.dll+0x2b60]  wiiuse_poll+0x70

[error occurred during error reporting (printing native stack), id 0xc0000005]

Java frames: (J=compiled Java code, j=interpreted, Vv=VM code)
j  wiiusej.WiiUseApi.specialPoll(Lwiiusej/wiiusejevents/utils/EventsGatherer;)V+0
j  wiiusej.WiiUseApiManager.run()V+53
v  ~StubRoutines::call_stub

---------------  P R O C E S S  ---------------

Java Threads: ( => current thread )
=>0x000000000b9ad800 JavaThread "Thread-0" [_thread_in_native, id=2360, stack(0x000000000ccc0000,0x000000000cdc0000)]
  0x000000000b977800 JavaThread "Service Thread" daemon [_thread_blocked, id=1356, stack(0x000000000d410000,0x000000000d510000)]
  0x000000000b96d800 JavaThread "C2 CompilerThread1" daemon [_thread_blocked, id=4252, stack(0x000000000d230000,0x000000000d330000)]
  0x000000000b968800 JavaThread "C2 CompilerThread0" daemon [_thread_blocked, id=3368, stack(0x000000000d0d0000,0x000000000d1d0000)]
  0x000000000b968000 JavaThread "Attach Listener" daemon [_thread_blocked, id=4912, stack(0x000000000cfa0000,0x000000000d0a0000)]
  0x000000000b961000 JavaThread "Signal Dispatcher" daemon [_thread_blocked, id=4268, stack(0x000000000cdc0000,0x000000000cec0000)]
  0x0000000002389000 JavaThread "Finalizer" daemon [_thread_blocked, id=3772, stack(0x000000000cbc0000,0x000000000ccc0000)]
  0x0000000002382800 JavaThread "Reference Handler" daemon [_thread_blocked, id=4808, stack(0x000000000ca60000,0x000000000cb60000)]
  0x0000000001e8c800 JavaThread "main" [_thread_blocked, id=1652, stack(0x0000000002420000,0x0000000002520000)]

Other Threads:
  0x000000000b8e2000 VMThread [stack: 0x000000000c900000,0x000000000ca00000] [id=4796]

VM state:at safepoint (normal execution)

VM Mutex/Monitor currently owned by a thread:  ([mutex/lock_event])
[0x0000000001e8a930] Threads_lock - owner thread: 0x000000000b8e2000

Heap
 PSYoungGen      total 38016K, used 1305K [0x00000007d5960000, 0x00000007d83c0000, 0x0000000800000000)
  eden space 32640K, 4% used [0x00000007d5960000,0x00000007d5aa66e8,0x00000007d7940000)
  from space 5376K, 0% used [0x00000007d7e80000,0x00000007d7e80000,0x00000007d83c0000)
  to   space 5376K, 0% used [0x00000007d7940000,0x00000007d7940000,0x00000007d7e80000)
 ParOldGen       total 86848K, used 0K [0x0000000780c00000, 0x00000007860d0000, 0x00000007d5960000)
  object space 86848K, 0% used [0x0000000780c00000,0x0000000780c00000,0x00000007860d0000)
 PSPermGen       total 21248K, used 2804K [0x000000077ba00000, 0x000000077cec0000, 0x0000000780c00000)
  object space 21248K, 13% used [0x000000077ba00000,0x000000077bcbd2c8,0x000000077cec0000)

Card table byte_map: [0x00000000056b0000,0x0000000005ae0000] byte_map_base: 0x0000000001ad3000

Polling page: 0x0000000000470000

Code Cache  [0x00000000025f0000, 0x0000000002860000, 0x00000000055f0000)
 total_blobs=176 nmethods=0 adapters=143 free_code_cache=48767Kb largest_free_block=49938368

Compilation events (0 events):
No events

GC Heap History (0 events):
No events

Deoptimization events (0 events):
No events

Internal exceptions (10 events):
Event: 0.679 Thread 0x000000000b9ad800 Threw 0x00000007d5a0da38 at C:\jdk7u2_64p\jdk7u13\hotspot\src\share\vm\prims\jvm.cpp:1166
Event: 0.679 Thread 0x000000000b9ad800 Threw 0x00000007d5a10670 at C:\jdk7u2_64p\jdk7u13\hotspot\src\share\vm\prims\jvm.cpp:1166
Event: 0.680 Thread 0x000000000b9ad800 Threw 0x00000007d5a13ce8 at C:\jdk7u2_64p\jdk7u13\hotspot\src\share\vm\prims\jvm.cpp:1166
Event: 0.681 Thread 0x000000000b9ad800 Threw 0x00000007d5a173f8 at C:\jdk7u2_64p\jdk7u13\hotspot\src\share\vm\prims\jvm.cpp:1166
Event: 0.681 Thread 0x000000000b9ad800 Threw 0x00000007d5a1a588 at C:\jdk7u2_64p\jdk7u13\hotspot\src\share\vm\prims\jvm.cpp:1166
Event: 0.682 Thread 0x000000000b9ad800 Threw 0x00000007d5a1dac8 at C:\jdk7u2_64p\jdk7u13\hotspot\src\share\vm\prims\jvm.cpp:1166
Event: 0.683 Thread 0x000000000b9ad800 Threw 0x00000007d5a20ba0 at C:\jdk7u2_64p\jdk7u13\hotspot\src\share\vm\prims\jvm.cpp:1166
Event: 0.684 Thread 0x000000000b9ad800 Threw 0x00000007d5a264c0 at C:\jdk7u2_64p\jdk7u13\hotspot\src\share\vm\prims\jvm.cpp:1166
Event: 0.684 Thread 0x000000000b9ad800 Threw 0x00000007d5a2cc80 at C:\jdk7u2_64p\jdk7u13\hotspot\src\share\vm\prims\jvm.cpp:1166
Event: 0.685 Thread 0x000000000b9ad800 Threw 0x00000007d5a304f8 at C:\jdk7u2_64p\jdk7u13\hotspot\src\share\vm\prims\jvm.cpp:1166

Events (10 events):
Event: 0.684 loading class 0x000000000b99a430 done
Event: 0.684 loading class 0x000000000b98ebd0
Event: 0.684 loading class 0x000000000b98ebd0 done
Event: 0.685 loading class 0x000000000b98eb10
Event: 0.685 loading class 0x000000000b98eb10 done
Event: 0.713 loading class 0x00000000023148f0
Event: 0.713 loading class 0x00000000023148f0 done
Event: 0.713 loading class 0x000000000b998950
Event: 0.713 loading class 0x000000000b998950 done
Event: 0.713 Executing VM operation: Exit


Dynamic libraries:
0x000000013f490000 - 0x000000013f4c3000 	C:\Program Files\Java\jre7\bin\javaw.exe
0x0000000076d80000 - 0x0000000076f29000 	C:\Windows\SYSTEM32\ntdll.dll
0x00000000719f0000 - 0x0000000071a3a000 	C:\Program Files\AVAST Software\Avast\snxhk64.dll
0x00000000766a0000 - 0x00000000767bf000 	C:\Windows\system32\KERNEL32.dll
0x000007fefd540000 - 0x000007fefd5ab000 	C:\Windows\system32\KERNELBASE.dll
0x000007fefdad0000 - 0x000007fefdbab000 	C:\Windows\system32\ADVAPI32.dll
0x000007fefd5b0000 - 0x000007fefd64f000 	C:\Windows\system32\msvcrt.dll
0x000007fefdfd0000 - 0x000007fefdfef000 	C:\Windows\SYSTEM32\sechost.dll
0x000007fefdbb0000 - 0x000007fefdcdd000 	C:\Windows\system32\RPCRT4.dll
0x0000000076910000 - 0x0000000076a0a000 	C:\Windows\system32\USER32.dll
0x000007fefe280000 - 0x000007fefe2e7000 	C:\Windows\system32\GDI32.dll
0x000007fefda40000 - 0x000007fefda4e000 	C:\Windows\system32\LPK.dll
0x000007fefdf00000 - 0x000007fefdfc9000 	C:\Windows\system32\USP10.dll
0x000007fefbc60000 - 0x000007fefbe54000 	C:\Windows\WinSxS\amd64_microsoft.windows.common-controls_6595b64144ccf1df_6.0.7601.17514_none_fa396087175ac9ac\COMCTL32.dll
0x000007fefde30000 - 0x000007fefdea1000 	C:\Windows\system32\SHLWAPI.dll
0x000007fefdce0000 - 0x000007fefdd0e000 	C:\Windows\system32\IMM32.DLL
0x000007fefdff0000 - 0x000007fefe0f9000 	C:\Windows\system32\MSCTF.dll
0x0000000070c50000 - 0x0000000070d21000 	C:\Program Files\Java\jre7\bin\msvcr100.dll
0x000000006f000000 - 0x000000006f71f000 	C:\Program Files\Java\jre7\bin\server\jvm.dll
0x000007fef5a00000 - 0x000007fef5a09000 	C:\Windows\system32\WSOCK32.dll
0x000007fefdeb0000 - 0x000007fefdefd000 	C:\Windows\system32\WS2_32.dll
0x000007feff080000 - 0x000007feff088000 	C:\Windows\system32\NSI.dll
0x000007fef7490000 - 0x000007fef74cb000 	C:\Windows\system32\WINMM.dll
0x0000000076f50000 - 0x0000000076f57000 	C:\Windows\system32\PSAPI.DLL
0x00000000734f0000 - 0x00000000734ff000 	C:\Program Files\Java\jre7\bin\verify.dll
0x0000000073450000 - 0x0000000073478000 	C:\Program Files\Java\jre7\bin\java.dll
0x00000000734d0000 - 0x00000000734e5000 	C:\Program Files\Java\jre7\bin\zip.dll
0x000007fef7b10000 - 0x000007fef7b19000 	C:\Users\Lars\eclipse\workspace\WiiRemoteManager\WiiuseJ.dll
0x000007fef7460000 - 0x000007fef746c000 	C:\Users\Lars\eclipse\workspace\WiiRemoteManager\wiiuse.dll
0x000007fefb690000 - 0x000007fefb69b000 	C:\Windows\system32\HID.DLL
0x000007fefd650000 - 0x000007fefd827000 	C:\Windows\system32\SETUPAPI.dll
0x000007fefd4c0000 - 0x000007fefd4f6000 	C:\Windows\system32\CFGMGR32.dll
0x000007fefe1a0000 - 0x000007fefe277000 	C:\Windows\system32\OLEAUT32.dll
0x000007fefd830000 - 0x000007fefda33000 	C:\Windows\system32\ole32.dll
0x000007fefd400000 - 0x000007fefd41a000 	C:\Windows\system32\DEVOBJ.dll
0x000007fefd500000 - 0x000007fefd539000 	C:\Windows\system32\WINTRUST.dll
0x000007fefd290000 - 0x000007fefd3fa000 	C:\Windows\system32\CRYPT32.dll
0x000007fefd280000 - 0x000007fefd28f000 	C:\Windows\system32\MSASN1.dll
0x000007fef97c0000 - 0x000007fef98e5000 	C:\Windows\system32\dbghelp.dll

VM Arguments:
jvm_args: -Dfile.encoding=Cp1252 
java_command: WiiMoteManager
Launcher Type: SUN_STANDARD

Environment Variables:
PATH=C:\Program Files (x86)\ActiveState Komodo Edit 7\;C:\Program Files (x86)\Intel\iCLS Client\;C:\Program Files\Intel\iCLS Client\;C:\Windows\system32;C:\Windows;C:\Windows\System32\Wbem;C:\Windows\System32\WindowsPowerShell\v1.0\;C:\Program Files\Intel\Intel(R) Management Engine Components\DAL;C:\Program Files\Intel\Intel(R) Management Engine Components\IPT;C:\Program Files (x86)\Intel\Intel(R) Management Engine Components\DAL;C:\Program Files (x86)\Intel\Intel(R) Management Engine Components\IPT;C:\Program Files (x86)\ATI Technologies\ATI.ACE\Core-Static;C:\Program Files (x86)\Common Files\Acronis\SnapAPI\
USERNAME=Lars
OS=Windows_NT
PROCESSOR_IDENTIFIER=Intel64 Family 6 Model 58 Stepping 9, GenuineIntel



---------------  S Y S T E M  ---------------

OS: Windows 7 , 64 bit Build 7601 Service Pack 1

CPU:total 4 (4 cores per cpu, 1 threads per core) family 6 model 58 stepping 9, cmov, cx8, fxsr, mmx, sse, sse2, sse3, ssse3, sse4.1, sse4.2, popcnt, avx, tsc, tscinvbit, tscinv

Memory: 4k page, physical 8331880k(6100928k free), swap 16661904k(13884464k free)

vm_info: Java HotSpot(TM) 64-Bit Server VM (23.7-b01) for windows-amd64 JRE (1.7.0_13-b20), built on Jan 30 2013 10:10:00 by "java_re" with unknown MS VC++:1600

time: Fri Mar 22 17:56:45 2013
elapsed time: 0 seconds

